<?xml version="1.0" encoding="UTF-8"?>
<!-- Generated by org.testng.reporters.JUnitReportReporter -->
<testsuite hostname="DESKTOP-B8R4OMO" failures="0" tests="9" name="com.qa.testscripts.GmailAccount" time="95.513" errors="0" timestamp="2022-12-07T10:15:12 IST" skipped="0">
  <testcase classname="com.qa.testscripts.GmailAccount" name="testcase_001_openAmazon" time="0.046"/>
  <system-out/>
  <testcase classname="com.qa.testscripts.GmailAccount" name="testcase_001_openAmazon" time="0.015"/>
  <system-out/>
  <testcase classname="com.qa.testscripts.GmailAccount" name="testcase_001_openAmazon" time="0.010"/>
  <system-out/>
  <testcase classname="com.qa.testscripts.GmailAccount" name="testcase_002_clickGmailIcon" time="20.347"/>
  <system-out/>
  <testcase classname="com.qa.testscripts.GmailAccount" name="testcase_002_clickGmailIcon" time="27.386"/>
  <system-out/>
  <testcase classname="com.qa.testscripts.GmailAccount" name="testcase_002_clickGmailIcon" time="21.840"/>
  <system-out/>
  <testcase classname="com.qa.testscripts.GmailAccount" name="testcase_003_createAccount" time="10.687"/>
  <system-out/>
  <testcase classname="com.qa.testscripts.GmailAccount" name="testcase_003_createAccount" time="7.254"/>
  <system-out/>
  <testcase classname="com.qa.testscripts.GmailAccount" name="testcase_003_createAccount" time="7.928"/>
  <system-out/>
</testsuite> <!-- com.qa.testscripts.GmailAccount -->
